19.3570 	DEBUG 	Fullscreen settings ignored as running in pilot mode.
19.3579 	INFO 	Loaded monitor calibration from ['2024_08_08 19:57']
19.6220 	EXP 	Created window1 = Window(allowGUI=True, allowStencil=False, autoLog=True, backendConf=UNKNOWN, backgroundFit=<method-wrapper '__getattribute__' of attributeSetter object at 0x00000297278D3430>, backgroundImage=<method-wrapper '__getattribute__' of attributeSetter object at 0x00000297278D33D0>, bitsMode=UNKNOWN, blendMode='avg', bpc=(8, 8, 8), color=array([0, 0, 0]), colorSpace='rgb', depthBits=8, fullscr=<method-wrapper '__getattribute__' of attributeSetter object at 0x00000297278D3220>, gamma=None, gammaErrorPolicy='raise', infoMsg=UNKNOWN, lms=UNKNOWN, monitor=<psychopy.monitors.calibTools.Monitor object at 0x0000029727C893A0>, multiSample=False, name='window1', numSamples=2, pos=[560.0, 240.0], screen=0, size=array([800, 600]), stencilBits=0, stereo=False, title='PsychoPy', units='height', useFBO=True, useRetina=False, viewOri=0.0, viewPos=None, viewScale=None, waitBlanking=True, winType='pyglet')
19.6221 	EXP 	window1: backgroundImage = ''
19.6221 	EXP 	window1: backgroundFit = 'none'
19.6224 	EXP 	window1: mouseVisible = <method-wrapper '__getattribute__' of attributeSetter object at 0x00000297278D3550>
19.6229 	EXP 	window1: mouseVisible = <method-wrapper '__getattribute__' of attributeSetter object at 0x00000297278D3550>
19.6256 	EXP 	window1: mouseVisible = <method-wrapper '__getattribute__' of attributeSetter object at 0x00000297278D3550>
19.6262 	EXP 	window1: mouseVisible = <method-wrapper '__getattribute__' of attributeSetter object at 0x00000297278D3550>
19.6322 	DEBUG 	TextBox2 loaded 1 chars with 0 blanks and 1 valid
19.6340 	DEBUG 	TextBox2 loaded 1 chars with 0 blanks and 1 valid
19.6357 	DEBUG 	TextBox2 loaded 1 chars with 0 blanks and 1 valid
19.6378 	DEBUG 	TextBox2 loaded 1 chars with 0 blanks and 1 valid
19.6397 	DEBUG 	TextBox2 loaded 1 chars with 0 blanks and 1 valid
19.6415 	DEBUG 	TextBox2 loaded 1 chars with 0 blanks and 1 valid
19.6432 	DEBUG 	TextBox2 loaded 1 chars with 0 blanks and 1 valid
19.6452 	DEBUG 	TextBox2 loaded 1 chars with 0 blanks and 1 valid
19.6465 	DEBUG 	TextBox2 loaded 1 chars with 0 blanks and 1 valid
19.6478 	DEBUG 	TextBox2 loaded 1 chars with 0 blanks and 1 valid
19.6495 	DEBUG 	TextBox2 loaded 1 chars with 0 blanks and 1 valid
19.6512 	DEBUG 	TextBox2 loaded 1 chars with 0 blanks and 1 valid
19.6529 	DEBUG 	TextBox2 loaded 1 chars with 0 blanks and 1 valid
19.6546 	DEBUG 	TextBox2 loaded 1 chars with 0 blanks and 1 valid
19.6562 	DEBUG 	TextBox2 loaded 1 chars with 0 blanks and 1 valid
19.6580 	DEBUG 	TextBox2 loaded 1 chars with 0 blanks and 1 valid
19.6599 	DEBUG 	TextBox2 loaded 1 chars with 0 blanks and 1 valid
19.6613 	DEBUG 	TextBox2 loaded 1 chars with 0 blanks and 1 valid
19.6628 	DEBUG 	TextBox2 loaded 1 chars with 0 blanks and 1 valid
19.6647 	DEBUG 	TextBox2 loaded 1 chars with 0 blanks and 1 valid
19.6661 	DEBUG 	TextBox2 loaded 1 chars with 0 blanks and 1 valid
19.6665 	DEBUG 	Uploading Texture Font fontname to graphics card
19.6685 	DEBUG 	Upload of Texture Font fontname complete
19.6700 	EXP 	window1: mouseVisible = <method-wrapper '__getattribute__' of attributeSetter object at 0x00000297278D3550>
19.6702 	EXP 	window1: mouseVisible = <method-wrapper '__getattribute__' of attributeSetter object at 0x00000297278D3550>
19.6709 	EXP 	window1: mouseVisible = <method-wrapper '__getattribute__' of attributeSetter object at 0x00000297278D3550>
19.6715 	EXP 	window1: mouseVisible = <method-wrapper '__getattribute__' of attributeSetter object at 0x00000297278D3550>
19.6767 	DEBUG 	TextBox2 loaded 1 chars with 0 blanks and 1 valid
19.6788 	DEBUG 	TextBox2 loaded 1 chars with 0 blanks and 1 valid
19.6807 	DEBUG 	TextBox2 loaded 1 chars with 0 blanks and 1 valid
19.6809 	DEBUG 	Uploading Texture Font fontname to graphics card
19.6814 	DEBUG 	Upload of Texture Font fontname complete
19.6835 	EXP 	window1: Attempting to measure frame rate of screen (0) ...
19.6836 	EXP 	window1: recordFrameIntervals = False
19.8738 	EXP 	window1: recordFrameIntervals = True
20.0572 	EXP 	Screen (0) actual frame rate measured at 59.91Hz
20.0573 	EXP 	window1: recordFrameIntervals = False
20.0573 	EXP 	window1: mouseVisible = False
20.0577 	EXP 	window1: mouseVisible = False
20.0578 	EXP 	window1: mouseVisible = False
20.0585 	EXP 	window1: mouseVisible = False
20.0591 	EXP 	window1: mouseVisible = False
20.0644 	DEBUG 	TextBox2 loaded 1 chars with 0 blanks and 1 valid
20.0659 	DEBUG 	TextBox2 loaded 1 chars with 0 blanks and 1 valid
20.0677 	DEBUG 	TextBox2 loaded 1 chars with 0 blanks and 1 valid
20.0700 	DEBUG 	TextBox2 loaded 1 chars with 0 blanks and 1 valid
20.0726 	DEBUG 	TextBox2 loaded 1 chars with 0 blanks and 1 valid
20.0746 	DEBUG 	TextBox2 loaded 1 chars with 0 blanks and 1 valid
20.0761 	DEBUG 	TextBox2 loaded 1 chars with 0 blanks and 1 valid
20.0780 	DEBUG 	TextBox2 loaded 1 chars with 0 blanks and 1 valid
20.0799 	DEBUG 	TextBox2 loaded 1 chars with 0 blanks and 1 valid
20.0818 	DEBUG 	TextBox2 loaded 1 chars with 0 blanks and 1 valid
20.0822 	DEBUG 	Uploading Texture Font fontname to graphics card
20.0834 	DEBUG 	Upload of Texture Font fontname complete
20.0852 	EXP 	window1: mouseVisible = False
20.0853 	EXP 	window1: mouseVisible = False
20.0860 	EXP 	window1: mouseVisible = False
20.0866 	EXP 	window1: mouseVisible = False
20.1413 	WARNING 	launchHubServer: If using the iohub mouse or eyetracker devices, fullScr should be True.
22.9795 	INFO 	keyboard.Keyboard is using iohub backend.
22.9796 	INFO 	keyboard.Keyboard is using iohub backend.
22.9797 	EXP 	orientationdiscrimination: status = STARTED
22.9799 	EXP 	window1: mouseVisible = False
22.9834 	EXP 	Created fixation = ShapeStim(__class__=<class 'psychopy.visual.shape.ShapeStim'>, anchor=('center', 'center'), autoDraw=False, autoLog=True, closeShape=True, color=method-wrapper(...), colorSpace='rgb', contrast=None, depth=0.0, draggable=False, fillColor=array([1, 1, 1]), fillColorSpace='rgb', fillRGB=array([1, 1, 1]), interpolate=True, lineColor=array([1., 1., 1.]), lineColorSpace='rgb', lineRGB=array([1, 1, 1]), lineWidth=1.0, name='fixation', opacity=1.0, ori=0.0, pos=array([0., 0.]), size=array([10., 10.]), units='pix', vertices=ndarray(...), win=Window(...), windingRule=None)
22.9836 	EXP 	window1: mouseVisible = False
22.9876 	EXP 	Created grating = GratingStim(__class__=<class 'psychopy.visual.grating.GratingStim'>, anchor='center', autoDraw=False, autoLog=True, blendmode='avg', color=array([0.3, 0.3, 0.3]), colorSpace='rgb', contrast=0.3, depth=-1.0, draggable=False, interpolate=True, mask='gauss', maskParams=None, name='grating', opacity=1.0, ori=1.0, phase=array([0., 0.]), pos=array([0., 0.]), rgbPedestal=array([0., 0., 0.]), sf=array([5., 5.]), size=array([0.2, 0.2]), tex='sin', texRes=128.0, units='height', win=Window(...))
0.0115 	EXP 	Created sequence: random, trialTypes=1, nReps=100, seed=None
0.0120 	EXP 	New trial (rep=0, index=0): None
0.0345 	EXP 	grating: ori = -3.0
0.0345 	EXP 	fixation: autoDraw = True
1.0017 	INFO 	Keyboard events cleared
1.0012 	EXP 	grating: autoDraw = True
1.0012 	EXP 	grating: tex = 'sin'
1.0338 	EXP 	fixation: autoDraw = False
1.3172 	EXP 	grating: autoDraw = False
2.1537 	EXP 	New trial (rep=1, index=0): None
2.1552 	DATA 	Keypress: down
2.1587 	EXP 	fixation: autoDraw = False
2.1587 	EXP 	grating: autoDraw = False
2.1587 	EXP 	grating: ori = 3.0
2.1587 	EXP 	fixation: autoDraw = True
3.1663 	INFO 	Keyboard events cleared
3.1660 	EXP 	fixation: autoDraw = False
3.1660 	EXP 	grating: autoDraw = True
3.4658 	EXP 	grating: autoDraw = False
4.1542 	EXP 	New trial (rep=2, index=0): None
4.1561 	DATA 	Keypress: down
4.1658 	EXP 	fixation: autoDraw = False
4.1658 	EXP 	grating: autoDraw = False
4.1658 	EXP 	grating: ori = -4.0
4.1658 	EXP 	fixation: autoDraw = True
5.1654 	INFO 	Keyboard events cleared
5.1651 	EXP 	fixation: autoDraw = False
5.1651 	EXP 	grating: autoDraw = True
5.4647 	EXP 	grating: autoDraw = False
5.8710 	EXP 	New trial (rep=3, index=0): None
5.8725 	DATA 	Keypress: down
5.8812 	EXP 	fixation: autoDraw = False
5.8812 	EXP 	grating: autoDraw = False
5.8812 	EXP 	grating: ori = -4.0
5.8812 	EXP 	fixation: autoDraw = True
6.8816 	INFO 	Keyboard events cleared
6.8811 	EXP 	fixation: autoDraw = False
6.8811 	EXP 	grating: autoDraw = True
7.1806 	EXP 	grating: autoDraw = False
7.5850 	EXP 	New trial (rep=4, index=0): None
7.5865 	DATA 	Keypress: down
7.5970 	EXP 	fixation: autoDraw = False
7.5970 	EXP 	grating: autoDraw = False
7.5970 	EXP 	grating: ori = 1.0
7.5970 	EXP 	fixation: autoDraw = True
8.5972 	INFO 	Keyboard events cleared
8.5968 	EXP 	fixation: autoDraw = False
8.5968 	EXP 	grating: autoDraw = True
8.8960 	EXP 	grating: autoDraw = False
9.2843 	EXP 	New trial (rep=5, index=0): None
9.2856 	DATA 	Keypress: up
9.2960 	EXP 	fixation: autoDraw = False
9.2960 	EXP 	grating: autoDraw = False
9.2960 	EXP 	grating: ori = 0.0
9.2960 	EXP 	fixation: autoDraw = True
10.2962 	INFO 	Keyboard events cleared
10.2959 	EXP 	fixation: autoDraw = False
10.2959 	EXP 	grating: autoDraw = True
10.5956 	EXP 	grating: autoDraw = False
10.8677 	EXP 	New trial (rep=6, index=0): None
10.8692 	DATA 	Keypress: up
10.8792 	EXP 	fixation: autoDraw = False
10.8792 	EXP 	grating: autoDraw = False
10.8792 	EXP 	grating: ori = -4.0
10.8792 	EXP 	fixation: autoDraw = True
11.8784 	INFO 	Keyboard events cleared
11.8781 	EXP 	fixation: autoDraw = False
11.8781 	EXP 	grating: autoDraw = True
12.1783 	EXP 	grating: autoDraw = False
12.6485 	EXP 	New trial (rep=7, index=0): None
12.6498 	DATA 	Keypress: down
12.6609 	EXP 	fixation: autoDraw = False
12.6609 	EXP 	grating: autoDraw = False
12.6609 	EXP 	grating: ori = -5.0
12.6609 	EXP 	fixation: autoDraw = True
13.6611 	INFO 	Keyboard events cleared
13.6607 	EXP 	fixation: autoDraw = False
13.6607 	EXP 	grating: autoDraw = True
13.9605 	EXP 	grating: autoDraw = False
14.3172 	EXP 	New trial (rep=8, index=0): None
14.3187 	DATA 	Keypress: down
14.3269 	EXP 	fixation: autoDraw = False
14.3269 	EXP 	grating: autoDraw = False
14.3269 	EXP 	grating: ori = 0.0
14.3269 	EXP 	fixation: autoDraw = True
15.3267 	INFO 	Keyboard events cleared
15.3264 	EXP 	fixation: autoDraw = False
15.3264 	EXP 	grating: autoDraw = True
15.6275 	EXP 	grating: autoDraw = False
16.1970 	EXP 	New trial (rep=9, index=0): None
16.1983 	DATA 	Keypress: up
16.2095 	EXP 	fixation: autoDraw = False
16.2095 	EXP 	grating: autoDraw = False
16.2095 	EXP 	grating: ori = 0.0
16.2095 	EXP 	fixation: autoDraw = True
17.2093 	INFO 	Keyboard events cleared
17.2089 	EXP 	fixation: autoDraw = False
17.2089 	EXP 	grating: autoDraw = True
17.5086 	EXP 	grating: autoDraw = False
18.0795 	EXP 	New trial (rep=10, index=0): None
18.0810 	DATA 	Keypress: up
18.0917 	EXP 	fixation: autoDraw = False
18.0917 	EXP 	grating: autoDraw = False
18.0917 	EXP 	grating: ori = 1.0
18.0917 	EXP 	fixation: autoDraw = True
19.0942 	INFO 	Keyboard events cleared
19.0938 	EXP 	fixation: autoDraw = False
19.0938 	EXP 	grating: autoDraw = True
19.4077 	EXP 	grating: autoDraw = False
20.0285 	EXP 	New trial (rep=11, index=0): None
20.0298 	DATA 	Keypress: up
20.0409 	EXP 	fixation: autoDraw = False
20.0409 	EXP 	grating: autoDraw = False
20.0409 	EXP 	grating: ori = -4.0
20.0409 	EXP 	fixation: autoDraw = True
21.0402 	INFO 	Keyboard events cleared
21.0399 	EXP 	fixation: autoDraw = False
21.0399 	EXP 	grating: autoDraw = True
21.3401 	EXP 	grating: autoDraw = False
21.7778 	EXP 	New trial (rep=12, index=0): None
21.7792 	DATA 	Keypress: down
21.7895 	EXP 	fixation: autoDraw = False
21.7895 	EXP 	grating: autoDraw = False
21.7895 	EXP 	grating: ori = 0.0
21.7895 	EXP 	fixation: autoDraw = True
22.7894 	INFO 	Keyboard events cleared
22.7890 	EXP 	fixation: autoDraw = False
22.7890 	EXP 	grating: autoDraw = True
23.0894 	EXP 	grating: autoDraw = False
23.5591 	DATA 	Keypress: up
23.5771 	EXP 	New trial (rep=13, index=0): None
23.5886 	EXP 	fixation: autoDraw = False
23.5886 	EXP 	grating: autoDraw = False
23.5886 	EXP 	grating: ori = 0.0
23.5886 	EXP 	fixation: autoDraw = True
24.5888 	INFO 	Keyboard events cleared
24.5884 	EXP 	fixation: autoDraw = False
24.5884 	EXP 	grating: autoDraw = True
24.8879 	EXP 	grating: autoDraw = False
25.5774 	EXP 	New trial (rep=14, index=0): None
25.5789 	DATA 	Keypress: up
25.5879 	EXP 	fixation: autoDraw = False
25.5879 	EXP 	grating: autoDraw = False
25.5879 	EXP 	grating: ori = 3.0
25.5879 	EXP 	fixation: autoDraw = True
26.5881 	INFO 	Keyboard events cleared
26.5877 	EXP 	fixation: autoDraw = False
26.5877 	EXP 	grating: autoDraw = True
26.8868 	EXP 	grating: autoDraw = False
27.5745 	EXP 	New trial (rep=15, index=0): None
27.5757 	DATA 	Keypress: up
27.5866 	EXP 	fixation: autoDraw = False
27.5866 	EXP 	grating: autoDraw = False
27.5866 	EXP 	grating: ori = 0.0
27.5866 	EXP 	fixation: autoDraw = True
28.5868 	INFO 	Keyboard events cleared
28.5864 	EXP 	fixation: autoDraw = False
28.5864 	EXP 	grating: autoDraw = True
28.8859 	EXP 	grating: autoDraw = False
29.5903 	EXP 	New trial (rep=16, index=0): None
29.5921 	DATA 	Keypress: up
29.6025 	EXP 	fixation: autoDraw = False
29.6025 	EXP 	grating: autoDraw = False
29.6025 	EXP 	grating: ori = -5.0
29.6025 	EXP 	fixation: autoDraw = True
30.6017 	INFO 	Keyboard events cleared
30.6014 	EXP 	fixation: autoDraw = False
30.6014 	EXP 	grating: autoDraw = True
30.9019 	EXP 	grating: autoDraw = False
31.2069 	EXP 	New trial (rep=17, index=0): None
31.2087 	DATA 	Keypress: down
31.2183 	EXP 	fixation: autoDraw = False
31.2183 	EXP 	grating: autoDraw = False
31.2183 	EXP 	grating: ori = -5.0
31.2183 	EXP 	fixation: autoDraw = True
32.2177 	INFO 	Keyboard events cleared
32.2174 	EXP 	fixation: autoDraw = False
32.2174 	EXP 	grating: autoDraw = True
32.5171 	EXP 	grating: autoDraw = False
32.8236 	EXP 	New trial (rep=18, index=0): None
32.8255 	DATA 	Keypress: down
32.8336 	EXP 	fixation: autoDraw = False
32.8336 	EXP 	grating: autoDraw = False
32.8336 	EXP 	grating: ori = 2.0
32.8336 	EXP 	fixation: autoDraw = True
33.8337 	INFO 	Keyboard events cleared
33.8334 	EXP 	fixation: autoDraw = False
33.8334 	EXP 	grating: autoDraw = True
34.1330 	EXP 	grating: autoDraw = False
35.0714 	EXP 	New trial (rep=19, index=0): None
35.0728 	DATA 	Keypress: up
35.0862 	EXP 	fixation: autoDraw = False
35.0862 	EXP 	grating: autoDraw = False
35.0862 	EXP 	grating: ori = 0.0
35.0862 	EXP 	fixation: autoDraw = True
36.0824 	INFO 	Keyboard events cleared
36.0821 	EXP 	grating: autoDraw = True
36.0994 	EXP 	fixation: autoDraw = False
36.3818 	EXP 	grating: autoDraw = False
37.2034 	EXP 	New trial (rep=20, index=0): None
37.2052 	DATA 	Keypress: up
37.2153 	EXP 	fixation: autoDraw = False
37.2153 	EXP 	grating: autoDraw = False
37.2153 	EXP 	grating: ori = 0.0
37.2153 	EXP 	fixation: autoDraw = True
38.2146 	INFO 	Keyboard events cleared
38.2142 	EXP 	fixation: autoDraw = False
38.2142 	EXP 	grating: autoDraw = True
38.5144 	EXP 	grating: autoDraw = False
39.0185 	EXP 	New trial (rep=21, index=0): None
39.0197 	DATA 	Keypress: up
39.0309 	EXP 	fixation: autoDraw = False
39.0309 	EXP 	grating: autoDraw = False
39.0309 	EXP 	grating: ori = 0.0
39.0309 	EXP 	fixation: autoDraw = True
40.0313 	INFO 	Keyboard events cleared
40.0310 	EXP 	fixation: autoDraw = False
40.0310 	EXP 	grating: autoDraw = True
40.3299 	EXP 	grating: autoDraw = False
41.2003 	EXP 	New trial (rep=22, index=0): None
41.2016 	DATA 	Keypress: up
41.2126 	EXP 	fixation: autoDraw = False
41.2126 	EXP 	grating: autoDraw = False
41.2126 	EXP 	grating: ori = 0.0
41.2126 	EXP 	fixation: autoDraw = True
42.2130 	INFO 	Keyboard events cleared
42.2126 	EXP 	fixation: autoDraw = False
42.2126 	EXP 	grating: autoDraw = True
42.5122 	EXP 	grating: autoDraw = False
42.9166 	EXP 	New trial (rep=23, index=0): None
42.9179 	DATA 	Keypress: down
42.9287 	EXP 	fixation: autoDraw = False
42.9287 	EXP 	grating: autoDraw = False
42.9287 	EXP 	grating: ori = -5.0
42.9287 	EXP 	fixation: autoDraw = True
43.9286 	INFO 	Keyboard events cleared
43.9283 	EXP 	fixation: autoDraw = False
43.9283 	EXP 	grating: autoDraw = True
44.2278 	EXP 	grating: autoDraw = False
44.4997 	EXP 	New trial (rep=24, index=0): None
44.5010 	DATA 	Keypress: down
44.5110 	EXP 	fixation: autoDraw = False
44.5110 	EXP 	grating: autoDraw = False
44.5110 	EXP 	grating: ori = 0.0
44.5110 	EXP 	fixation: autoDraw = True
45.5108 	INFO 	Keyboard events cleared
45.5104 	EXP 	fixation: autoDraw = False
45.5104 	EXP 	grating: autoDraw = True
45.8105 	EXP 	grating: autoDraw = False
46.9309 	EXP 	New trial (rep=25, index=0): None
46.9323 	DATA 	Keypress: up
46.9430 	EXP 	fixation: autoDraw = False
46.9430 	EXP 	grating: autoDraw = False
46.9430 	EXP 	grating: ori = -3.0
46.9430 	EXP 	fixation: autoDraw = True
47.9431 	INFO 	Keyboard events cleared
47.9427 	EXP 	fixation: autoDraw = False
47.9427 	EXP 	grating: autoDraw = True
48.2422 	EXP 	grating: autoDraw = False
48.6969 	EXP 	New trial (rep=26, index=0): None
48.6982 	DATA 	Keypress: down
48.7086 	EXP 	fixation: autoDraw = False
48.7086 	EXP 	grating: autoDraw = False
48.7086 	EXP 	grating: ori = 2.0
48.7086 	EXP 	fixation: autoDraw = True
49.7084 	INFO 	Keyboard events cleared
49.7081 	EXP 	fixation: autoDraw = False
49.7081 	EXP 	grating: autoDraw = True
50.0080 	EXP 	grating: autoDraw = False
50.6635 	EXP 	New trial (rep=27, index=0): None
50.6650 	DATA 	Keypress: down
50.6747 	EXP 	fixation: autoDraw = False
50.6747 	EXP 	grating: autoDraw = False
50.6747 	EXP 	grating: ori = 0.0
50.6747 	EXP 	fixation: autoDraw = True
51.6743 	INFO 	Keyboard events cleared
51.6740 	EXP 	fixation: autoDraw = False
51.6740 	EXP 	grating: autoDraw = True
51.9737 	EXP 	grating: autoDraw = False
52.5122 	EXP 	New trial (rep=28, index=0): None
52.5138 	DATA 	Keypress: up
52.5236 	EXP 	fixation: autoDraw = False
52.5236 	EXP 	grating: autoDraw = False
52.5236 	EXP 	grating: ori = -3.0
52.5236 	EXP 	fixation: autoDraw = True
53.5232 	INFO 	Keyboard events cleared
53.5229 	EXP 	fixation: autoDraw = False
53.5229 	EXP 	grating: autoDraw = True
53.8231 	EXP 	grating: autoDraw = False
54.3460 	EXP 	New trial (rep=29, index=0): None
54.3479 	DATA 	Keypress: down
54.3563 	EXP 	fixation: autoDraw = False
54.3563 	EXP 	grating: autoDraw = False
54.3563 	EXP 	grating: ori = 2.0
54.3563 	EXP 	fixation: autoDraw = True
55.3560 	INFO 	Keyboard events cleared
55.3556 	EXP 	fixation: autoDraw = False
55.3556 	EXP 	grating: autoDraw = True
55.6549 	EXP 	grating: autoDraw = False
56.3264 	EXP 	New trial (rep=30, index=0): None
56.3276 	DATA 	Keypress: up
56.3384 	EXP 	fixation: autoDraw = False
56.3384 	EXP 	grating: autoDraw = False
56.3384 	EXP 	grating: ori = 0.0
56.3384 	EXP 	fixation: autoDraw = True
57.3379 	INFO 	Keyboard events cleared
57.3375 	EXP 	fixation: autoDraw = False
57.3375 	EXP 	grating: autoDraw = True
57.6375 	EXP 	grating: autoDraw = False
58.5080 	EXP 	New trial (rep=31, index=0): None
58.5092 	DATA 	Keypress: up
58.5203 	EXP 	fixation: autoDraw = False
58.5203 	EXP 	grating: autoDraw = False
58.5203 	EXP 	grating: ori = 0.0
58.5203 	EXP 	fixation: autoDraw = True
59.5205 	INFO 	Keyboard events cleared
59.5202 	EXP 	fixation: autoDraw = False
59.5202 	EXP 	grating: autoDraw = True
59.8197 	EXP 	grating: autoDraw = False
60.7918 	EXP 	New trial (rep=32, index=0): None
60.7934 	DATA 	Keypress: up
60.8027 	EXP 	fixation: autoDraw = False
60.8027 	EXP 	grating: autoDraw = False
60.8027 	EXP 	grating: ori = 0.0
60.8027 	EXP 	fixation: autoDraw = True
61.8021 	INFO 	Keyboard events cleared
61.8018 	EXP 	fixation: autoDraw = False
61.8018 	EXP 	grating: autoDraw = True
62.1016 	EXP 	grating: autoDraw = False
62.8890 	EXP 	New trial (rep=33, index=0): None
62.8902 	DATA 	Keypress: up
62.9017 	EXP 	fixation: autoDraw = False
62.9017 	EXP 	grating: autoDraw = False
62.9017 	EXP 	grating: ori = -5.0
62.9017 	EXP 	fixation: autoDraw = True
63.9012 	INFO 	Keyboard events cleared
63.9008 	EXP 	grating: autoDraw = True
63.9175 	EXP 	fixation: autoDraw = False
64.2006 	EXP 	grating: autoDraw = False
64.3904 	EXP 	New trial (rep=34, index=0): None
64.3920 	DATA 	Keypress: down
64.4005 	EXP 	fixation: autoDraw = False
64.4005 	EXP 	grating: autoDraw = False
64.4005 	EXP 	grating: ori = 0.0
64.4005 	EXP 	fixation: autoDraw = True
65.4010 	INFO 	Keyboard events cleared
65.4006 	EXP 	fixation: autoDraw = False
65.4006 	EXP 	grating: autoDraw = True
65.7002 	EXP 	grating: autoDraw = False
66.6706 	EXP 	New trial (rep=35, index=0): None
66.6721 	DATA 	Keypress: up
66.6826 	EXP 	fixation: autoDraw = False
66.6826 	EXP 	grating: autoDraw = False
66.6826 	EXP 	grating: ori = -4.0
66.6826 	EXP 	fixation: autoDraw = True
67.6828 	INFO 	Keyboard events cleared
67.6825 	EXP 	fixation: autoDraw = False
67.6825 	EXP 	grating: autoDraw = True
67.9820 	EXP 	grating: autoDraw = False
68.3200 	EXP 	New trial (rep=36, index=0): None
68.3216 	DATA 	Keypress: down
68.3320 	EXP 	fixation: autoDraw = False
68.3320 	EXP 	grating: autoDraw = False
68.3320 	EXP 	grating: ori = 0.0
68.3320 	EXP 	fixation: autoDraw = True
69.3322 	INFO 	Keyboard events cleared
69.3318 	EXP 	fixation: autoDraw = False
69.3318 	EXP 	grating: autoDraw = True
69.6316 	EXP 	grating: autoDraw = False
70.2525 	EXP 	New trial (rep=37, index=0): None
70.2540 	DATA 	Keypress: up
70.2644 	EXP 	fixation: autoDraw = False
70.2644 	EXP 	grating: autoDraw = False
70.2644 	EXP 	grating: ori = 0.0
70.2644 	EXP 	fixation: autoDraw = True
71.2639 	INFO 	Keyboard events cleared
71.2635 	EXP 	fixation: autoDraw = False
71.2635 	EXP 	grating: autoDraw = True
71.5635 	EXP 	grating: autoDraw = False
72.2014 	EXP 	New trial (rep=38, index=0): None
72.2027 	DATA 	Keypress: up
72.2133 	EXP 	fixation: autoDraw = False
72.2133 	EXP 	grating: autoDraw = False
72.2133 	EXP 	grating: ori = 2.0
72.2133 	EXP 	fixation: autoDraw = True
73.2134 	INFO 	Keyboard events cleared
73.2130 	EXP 	fixation: autoDraw = False
73.2130 	EXP 	grating: autoDraw = True
73.5124 	EXP 	grating: autoDraw = False
74.1842 	EXP 	New trial (rep=39, index=0): None
74.1856 	DATA 	Keypress: down
74.1956 	EXP 	fixation: autoDraw = False
74.1956 	EXP 	grating: autoDraw = False
74.1956 	EXP 	grating: ori = 0.0
74.1956 	EXP 	fixation: autoDraw = True
75.1959 	INFO 	Keyboard events cleared
75.1955 	EXP 	fixation: autoDraw = False
75.1955 	EXP 	grating: autoDraw = True
75.4951 	EXP 	grating: autoDraw = False
76.4664 	EXP 	New trial (rep=40, index=0): None
76.4679 	DATA 	Keypress: up
76.4776 	EXP 	fixation: autoDraw = False
76.4776 	EXP 	grating: autoDraw = False
76.4776 	EXP 	grating: ori = -5.0
76.4776 	EXP 	fixation: autoDraw = True
77.4775 	INFO 	Keyboard events cleared
77.4771 	EXP 	fixation: autoDraw = False
77.4771 	EXP 	grating: autoDraw = True
77.7770 	EXP 	grating: autoDraw = False
78.2152 	EXP 	New trial (rep=41, index=0): None
78.2165 	DATA 	Keypress: down
78.2267 	EXP 	fixation: autoDraw = False
78.2267 	EXP 	grating: autoDraw = False
78.2267 	EXP 	grating: ori = -2.0
78.2267 	EXP 	fixation: autoDraw = True
79.2268 	INFO 	Keyboard events cleared
79.2264 	EXP 	fixation: autoDraw = False
79.2264 	EXP 	grating: autoDraw = True
79.5259 	EXP 	grating: autoDraw = False
80.0974 	EXP 	New trial (rep=42, index=0): None
80.0991 	DATA 	Keypress: up
80.1092 	EXP 	fixation: autoDraw = False
80.1092 	EXP 	grating: autoDraw = False
80.1092 	EXP 	grating: ori = -4.0
80.1092 	EXP 	fixation: autoDraw = True
81.1088 	INFO 	Keyboard events cleared
81.1085 	EXP 	fixation: autoDraw = False
81.1085 	EXP 	grating: autoDraw = True
81.4087 	EXP 	grating: autoDraw = False
81.6811 	EXP 	New trial (rep=43, index=0): None
81.6828 	DATA 	Keypress: down
81.6914 	EXP 	fixation: autoDraw = False
81.6914 	EXP 	grating: autoDraw = False
81.6914 	EXP 	grating: ori = -4.0
81.6914 	EXP 	fixation: autoDraw = True
82.6915 	INFO 	Keyboard events cleared
82.6911 	EXP 	fixation: autoDraw = False
82.6911 	EXP 	grating: autoDraw = True
82.9911 	EXP 	grating: autoDraw = False
83.4450 	EXP 	New trial (rep=44, index=0): None
83.4469 	DATA 	Keypress: down
83.4577 	EXP 	fixation: autoDraw = False
83.4577 	EXP 	grating: autoDraw = False
83.4577 	EXP 	grating: ori = 0.0
83.4577 	EXP 	fixation: autoDraw = True
83.6772 	DATA 	Keypress: down
84.4570 	INFO 	Keyboard events cleared
84.4566 	EXP 	grating: autoDraw = True
84.4734 	EXP 	fixation: autoDraw = False
84.7573 	EXP 	grating: autoDraw = False
85.4289 	EXP 	New trial (rep=45, index=0): None
85.4305 	DATA 	Keypress: up
85.4400 	EXP 	fixation: autoDraw = False
85.4400 	EXP 	grating: autoDraw = False
85.4400 	EXP 	grating: ori = 0.0
85.4400 	EXP 	fixation: autoDraw = True
86.4395 	INFO 	Keyboard events cleared
86.4392 	EXP 	fixation: autoDraw = False
86.4392 	EXP 	grating: autoDraw = True
86.7393 	EXP 	grating: autoDraw = False
87.2595 	DATA 	Keypress: down
87.2763 	EXP 	New trial (rep=46, index=0): None
87.2885 	EXP 	fixation: autoDraw = False
87.2885 	EXP 	grating: autoDraw = False
87.2885 	EXP 	grating: ori = 0.0
87.2885 	EXP 	fixation: autoDraw = True
88.2887 	INFO 	Keyboard events cleared
88.2883 	EXP 	fixation: autoDraw = False
88.2883 	EXP 	grating: autoDraw = True
88.5876 	EXP 	grating: autoDraw = False
90.0920 	EXP 	New trial (rep=47, index=0): None
90.0935 	DATA 	Keypress: up
90.1037 	EXP 	fixation: autoDraw = False
90.1037 	EXP 	grating: autoDraw = False
90.1037 	EXP 	grating: ori = 0.0
90.1037 	EXP 	fixation: autoDraw = True
91.1039 	INFO 	Keyboard events cleared
91.1036 	EXP 	fixation: autoDraw = False
91.1036 	EXP 	grating: autoDraw = True
91.4034 	EXP 	grating: autoDraw = False
91.9911 	EXP 	New trial (rep=48, index=0): None
91.9926 	DATA 	Keypress: up
92.0025 	EXP 	fixation: autoDraw = False
92.0025 	EXP 	grating: autoDraw = False
92.0025 	EXP 	grating: ori = 3.0
92.0025 	EXP 	fixation: autoDraw = True
93.0029 	INFO 	Keyboard events cleared
93.0025 	EXP 	fixation: autoDraw = False
93.0025 	EXP 	grating: autoDraw = True
93.3020 	EXP 	grating: autoDraw = False
93.6584 	EXP 	New trial (rep=49, index=0): None
93.6601 	DATA 	Keypress: down
93.6687 	EXP 	fixation: autoDraw = False
93.6687 	EXP 	grating: autoDraw = False
93.6687 	EXP 	grating: ori = 0.0
93.6687 	EXP 	fixation: autoDraw = True
94.6681 	INFO 	Keyboard events cleared
94.6677 	EXP 	fixation: autoDraw = False
94.6677 	EXP 	grating: autoDraw = True
94.9680 	EXP 	grating: autoDraw = False
95.6569 	EXP 	New trial (rep=50, index=0): None
95.6587 	DATA 	Keypress: up
95.6675 	EXP 	fixation: autoDraw = False
95.6675 	EXP 	grating: autoDraw = False
95.6675 	EXP 	grating: ori = 0.0
95.6675 	EXP 	fixation: autoDraw = True
96.6670 	INFO 	Keyboard events cleared
96.6667 	EXP 	fixation: autoDraw = False
96.6667 	EXP 	grating: autoDraw = True
96.9672 	EXP 	grating: autoDraw = False
98.1555 	EXP 	New trial (rep=51, index=0): None
98.1570 	DATA 	Keypress: down
98.1663 	EXP 	fixation: autoDraw = False
98.1663 	EXP 	grating: autoDraw = False
98.1663 	EXP 	grating: ori = 2.0
98.1663 	EXP 	fixation: autoDraw = True
99.1660 	INFO 	Keyboard events cleared
99.1657 	EXP 	fixation: autoDraw = False
99.1657 	EXP 	grating: autoDraw = True
99.4656 	EXP 	grating: autoDraw = False
100.0878 	EXP 	New trial (rep=52, index=0): None
100.0892 	DATA 	Keypress: up
100.0986 	EXP 	fixation: autoDraw = False
100.0986 	EXP 	grating: autoDraw = False
100.0986 	EXP 	grating: ori = 0.0
100.0986 	EXP 	fixation: autoDraw = True
101.0983 	INFO 	Keyboard events cleared
101.0979 	EXP 	fixation: autoDraw = False
101.0979 	EXP 	grating: autoDraw = True
101.3980 	EXP 	grating: autoDraw = False
102.0701 	EXP 	New trial (rep=53, index=0): None
102.0716 	DATA 	Keypress: up
102.0807 	EXP 	fixation: autoDraw = False
102.0807 	EXP 	grating: autoDraw = False
102.0807 	EXP 	grating: ori = 0.0
102.0807 	EXP 	fixation: autoDraw = True
103.0806 	INFO 	Keyboard events cleared
103.0803 	EXP 	fixation: autoDraw = False
103.0803 	EXP 	grating: autoDraw = True
103.3802 	EXP 	grating: autoDraw = False
104.0018 	EXP 	New trial (rep=54, index=0): None
104.0030 	DATA 	Keypress: up
104.0130 	EXP 	fixation: autoDraw = False
104.0130 	EXP 	grating: autoDraw = False
104.0130 	EXP 	grating: ori = 2.0
104.0130 	EXP 	fixation: autoDraw = True
105.0130 	INFO 	Keyboard events cleared
105.0127 	EXP 	fixation: autoDraw = False
105.0127 	EXP 	grating: autoDraw = True
105.3129 	EXP 	grating: autoDraw = False
105.8528 	EXP 	New trial (rep=55, index=0): None
105.8543 	DATA 	Keypress: up
105.8620 	EXP 	fixation: autoDraw = False
105.8620 	EXP 	grating: autoDraw = False
105.8620 	EXP 	grating: ori = 3.0
105.8620 	EXP 	fixation: autoDraw = True
106.8620 	INFO 	Keyboard events cleared
106.8616 	EXP 	fixation: autoDraw = False
106.8616 	EXP 	grating: autoDraw = True
107.1614 	EXP 	grating: autoDraw = False
107.7650 	DATA 	Keypress: down
107.7828 	EXP 	New trial (rep=56, index=0): None
107.7942 	EXP 	fixation: autoDraw = False
107.7942 	EXP 	grating: autoDraw = False
107.7942 	EXP 	grating: ori = -4.0
107.7942 	EXP 	fixation: autoDraw = True
108.7947 	INFO 	Keyboard events cleared
108.7943 	EXP 	fixation: autoDraw = False
108.7943 	EXP 	grating: autoDraw = True
109.0943 	EXP 	grating: autoDraw = False
109.6979 	EXP 	New trial (rep=57, index=0): None
109.6995 	DATA 	Keypress: down
109.7101 	EXP 	fixation: autoDraw = False
109.7101 	EXP 	grating: autoDraw = False
109.7101 	EXP 	grating: ori = 3.0
109.7101 	EXP 	fixation: autoDraw = True
110.7099 	INFO 	Keyboard events cleared
110.7095 	EXP 	fixation: autoDraw = False
110.7095 	EXP 	grating: autoDraw = True
111.0094 	EXP 	grating: autoDraw = False
111.5636 	EXP 	New trial (rep=58, index=0): None
111.5649 	DATA 	Keypress: down
111.5759 	EXP 	fixation: autoDraw = False
111.5759 	EXP 	grating: autoDraw = False
111.5759 	EXP 	grating: ori = -4.0
111.5759 	EXP 	fixation: autoDraw = True
112.5755 	INFO 	Keyboard events cleared
112.5751 	EXP 	fixation: autoDraw = False
112.5751 	EXP 	grating: autoDraw = True
112.8752 	EXP 	grating: autoDraw = False
113.1802 	EXP 	New trial (rep=59, index=0): None
113.1818 	DATA 	Keypress: down
113.1916 	EXP 	fixation: autoDraw = False
113.1916 	EXP 	grating: autoDraw = False
113.1916 	EXP 	grating: ori = 2.0
113.1916 	EXP 	fixation: autoDraw = True
114.1916 	INFO 	Keyboard events cleared
114.1913 	EXP 	fixation: autoDraw = False
114.1913 	EXP 	grating: autoDraw = True
114.4916 	EXP 	grating: autoDraw = False
115.1127 	EXP 	New trial (rep=60, index=0): None
115.1142 	DATA 	Keypress: up
115.1240 	EXP 	fixation: autoDraw = False
115.1240 	EXP 	grating: autoDraw = False
115.1240 	EXP 	grating: ori = 3.0
115.1240 	EXP 	fixation: autoDraw = True
116.1243 	INFO 	Keyboard events cleared
116.1239 	EXP 	fixation: autoDraw = False
116.1239 	EXP 	grating: autoDraw = True
116.4231 	EXP 	grating: autoDraw = False
116.8787 	EXP 	New trial (rep=61, index=0): None
116.8803 	DATA 	Keypress: down
116.8925 	EXP 	fixation: autoDraw = False
116.8925 	EXP 	grating: autoDraw = False
116.8925 	EXP 	grating: ori = 0.0
116.8925 	EXP 	fixation: autoDraw = True
117.8893 	INFO 	Keyboard events cleared
117.8890 	EXP 	grating: autoDraw = True
117.9058 	EXP 	fixation: autoDraw = False
118.1890 	EXP 	grating: autoDraw = False
119.2936 	EXP 	New trial (rep=62, index=0): None
119.2954 	DATA 	Keypress: down
119.3053 	EXP 	fixation: autoDraw = False
119.3053 	EXP 	grating: autoDraw = False
119.3053 	EXP 	grating: ori = 2.0
119.3053 	EXP 	fixation: autoDraw = True
120.3054 	INFO 	Keyboard events cleared
120.3051 	EXP 	fixation: autoDraw = False
120.3051 	EXP 	grating: autoDraw = True
120.6050 	EXP 	grating: autoDraw = False
120.9920 	EXP 	New trial (rep=63, index=0): None
120.9934 	DATA 	Keypress: down
121.0046 	EXP 	fixation: autoDraw = False
121.0046 	EXP 	grating: autoDraw = False
121.0046 	EXP 	grating: ori = 0.0
121.0046 	EXP 	fixation: autoDraw = True
122.0038 	INFO 	Keyboard events cleared
122.0035 	EXP 	grating: autoDraw = True
122.0204 	EXP 	fixation: autoDraw = False
122.3033 	EXP 	grating: autoDraw = False
122.9926 	EXP 	New trial (rep=64, index=0): None
122.9944 	DATA 	Keypress: down
123.0033 	EXP 	fixation: autoDraw = False
123.0033 	EXP 	grating: autoDraw = False
123.0033 	EXP 	grating: ori = 1.0
123.0033 	EXP 	fixation: autoDraw = True
124.0029 	INFO 	Keyboard events cleared
124.0026 	EXP 	fixation: autoDraw = False
124.0026 	EXP 	grating: autoDraw = True
124.3029 	EXP 	grating: autoDraw = False
124.5253 	EXP 	New trial (rep=65, index=0): None
124.5269 	DATA 	Keypress: up
124.5356 	EXP 	fixation: autoDraw = False
124.5356 	EXP 	grating: autoDraw = False
124.5356 	EXP 	grating: ori = 0.0
124.5356 	EXP 	fixation: autoDraw = True
125.5359 	INFO 	Keyboard events cleared
125.5355 	EXP 	fixation: autoDraw = False
125.5355 	EXP 	grating: autoDraw = True
125.8352 	EXP 	grating: autoDraw = False
126.1742 	EXP 	New trial (rep=66, index=0): None
126.1758 	DATA 	Keypress: up
126.1848 	EXP 	fixation: autoDraw = False
126.1848 	EXP 	grating: autoDraw = False
126.1848 	EXP 	grating: ori = 1.0
126.1848 	EXP 	fixation: autoDraw = True
127.1846 	INFO 	Keyboard events cleared
127.1842 	EXP 	fixation: autoDraw = False
127.1842 	EXP 	grating: autoDraw = True
127.4843 	EXP 	grating: autoDraw = False
128.0722 	EXP 	New trial (rep=67, index=0): None
128.0736 	DATA 	Keypress: up
128.0841 	EXP 	fixation: autoDraw = False
128.0841 	EXP 	grating: autoDraw = False
128.0841 	EXP 	grating: ori = 0.0
128.0841 	EXP 	fixation: autoDraw = True
129.0839 	INFO 	Keyboard events cleared
129.0836 	EXP 	fixation: autoDraw = False
129.0836 	EXP 	grating: autoDraw = True
129.3830 	EXP 	grating: autoDraw = False
130.0378 	EXP 	New trial (rep=68, index=0): None
130.0392 	DATA 	Keypress: up
130.0493 	EXP 	fixation: autoDraw = False
130.0493 	EXP 	grating: autoDraw = False
130.0493 	EXP 	grating: ori = 0.0
130.0493 	EXP 	fixation: autoDraw = True
131.0494 	INFO 	Keyboard events cleared
131.0491 	EXP 	fixation: autoDraw = False
131.0491 	EXP 	grating: autoDraw = True
131.3488 	EXP 	grating: autoDraw = False
131.8862 	EXP 	New trial (rep=69, index=0): None
131.8875 	DATA 	Keypress: up
131.8986 	EXP 	fixation: autoDraw = False
131.8986 	EXP 	grating: autoDraw = False
131.8986 	EXP 	grating: ori = 0.0
131.8986 	EXP 	fixation: autoDraw = True
132.8987 	INFO 	Keyboard events cleared
132.8983 	EXP 	fixation: autoDraw = False
132.8983 	EXP 	grating: autoDraw = True
133.1976 	EXP 	grating: autoDraw = False
133.5047 	EXP 	New trial (rep=70, index=0): None
133.5062 	DATA 	Keypress: up
133.5148 	EXP 	fixation: autoDraw = False
133.5148 	EXP 	grating: autoDraw = False
133.5148 	EXP 	grating: ori = -2.0
133.5148 	EXP 	fixation: autoDraw = True
134.5145 	INFO 	Keyboard events cleared
134.5141 	EXP 	fixation: autoDraw = False
134.5141 	EXP 	grating: autoDraw = True
134.8136 	EXP 	grating: autoDraw = False
135.4011 	EXP 	New trial (rep=71, index=0): None
135.4026 	DATA 	Keypress: down
135.4133 	EXP 	fixation: autoDraw = False
135.4133 	EXP 	grating: autoDraw = False
135.4133 	EXP 	grating: ori = -2.0
135.4133 	EXP 	fixation: autoDraw = True
136.4140 	INFO 	Keyboard events cleared
136.4136 	EXP 	fixation: autoDraw = False
136.4136 	EXP 	grating: autoDraw = True
136.7129 	EXP 	grating: autoDraw = False
137.0333 	EXP 	New trial (rep=72, index=0): None
137.0346 	DATA 	Keypress: down
137.0458 	EXP 	fixation: autoDraw = False
137.0458 	EXP 	grating: autoDraw = False
137.0458 	EXP 	grating: ori = 2.0
137.0458 	EXP 	fixation: autoDraw = True
138.0459 	INFO 	Keyboard events cleared
138.0455 	EXP 	fixation: autoDraw = False
138.0455 	EXP 	grating: autoDraw = True
138.3451 	EXP 	grating: autoDraw = False
138.8832 	EXP 	New trial (rep=73, index=0): None
138.8848 	DATA 	Keypress: up
138.8946 	EXP 	fixation: autoDraw = False
138.8946 	EXP 	grating: autoDraw = False
138.8946 	EXP 	grating: ori = 0.0
138.8946 	EXP 	fixation: autoDraw = True
139.8985 	INFO 	Keyboard events cleared
139.8982 	EXP 	fixation: autoDraw = False
139.8982 	EXP 	grating: autoDraw = True
140.2110 	EXP 	grating: autoDraw = False
140.4504 	EXP 	New trial (rep=74, index=0): None
140.4519 	DATA 	Keypress: up
140.4609 	EXP 	fixation: autoDraw = False
140.4609 	EXP 	grating: autoDraw = False
140.4609 	EXP 	grating: ori = 0.0
140.4609 	EXP 	fixation: autoDraw = True
141.4608 	INFO 	Keyboard events cleared
141.4604 	EXP 	fixation: autoDraw = False
141.4604 	EXP 	grating: autoDraw = True
141.7607 	EXP 	grating: autoDraw = False
141.9827 	EXP 	New trial (rep=75, index=0): None
141.9842 	DATA 	Keypress: up
141.9935 	EXP 	fixation: autoDraw = False
141.9935 	EXP 	grating: autoDraw = False
141.9935 	EXP 	grating: ori = 1.0
141.9935 	EXP 	fixation: autoDraw = True
142.9931 	INFO 	Keyboard events cleared
142.9927 	EXP 	fixation: autoDraw = False
142.9927 	EXP 	grating: autoDraw = True
143.2926 	EXP 	grating: autoDraw = False
143.4813 	EXP 	New trial (rep=76, index=0): None
143.4828 	DATA 	Keypress: up
143.4924 	EXP 	fixation: autoDraw = False
143.4924 	EXP 	grating: autoDraw = False
143.4924 	EXP 	grating: ori = 0.0
143.4924 	EXP 	fixation: autoDraw = True
144.4927 	INFO 	Keyboard events cleared
144.4923 	EXP 	fixation: autoDraw = False
144.4923 	EXP 	grating: autoDraw = True
144.7919 	EXP 	grating: autoDraw = False
145.0963 	EXP 	New trial (rep=77, index=0): None
145.0976 	DATA 	Keypress: up
145.1082 	EXP 	fixation: autoDraw = False
145.1082 	EXP 	grating: autoDraw = False
145.1082 	EXP 	grating: ori = 0.0
145.1082 	EXP 	fixation: autoDraw = True
146.1080 	INFO 	Keyboard events cleared
146.1076 	EXP 	fixation: autoDraw = False
146.1076 	EXP 	grating: autoDraw = True
146.4072 	EXP 	grating: autoDraw = False
146.5623 	EXP 	New trial (rep=78, index=0): None
146.5635 	DATA 	Keypress: up
146.5748 	EXP 	fixation: autoDraw = False
146.5748 	EXP 	grating: autoDraw = False
146.5748 	EXP 	grating: ori = 0.0
146.5748 	EXP 	fixation: autoDraw = True
147.5744 	INFO 	Keyboard events cleared
147.5740 	EXP 	fixation: autoDraw = False
147.5740 	EXP 	grating: autoDraw = True
147.8738 	EXP 	grating: autoDraw = False
148.0281 	EXP 	New trial (rep=79, index=0): None
148.0296 	DATA 	Keypress: up
148.0398 	EXP 	fixation: autoDraw = False
148.0398 	EXP 	grating: autoDraw = False
148.0398 	EXP 	grating: ori = 1.0
148.0398 	EXP 	fixation: autoDraw = True
149.0397 	INFO 	Keyboard events cleared
149.0394 	EXP 	fixation: autoDraw = False
149.0394 	EXP 	grating: autoDraw = True
149.3394 	EXP 	grating: autoDraw = False
149.6286 	EXP 	New trial (rep=80, index=0): None
149.6302 	DATA 	Keypress: up
149.6391 	EXP 	fixation: autoDraw = False
149.6391 	EXP 	grating: autoDraw = False
149.6391 	EXP 	grating: ori = 0.0
149.6391 	EXP 	fixation: autoDraw = True
150.6394 	INFO 	Keyboard events cleared
150.6390 	EXP 	fixation: autoDraw = False
150.6390 	EXP 	grating: autoDraw = True
150.9389 	EXP 	grating: autoDraw = False
151.4280 	EXP 	New trial (rep=81, index=0): None
151.4293 	DATA 	Keypress: up
151.4385 	EXP 	fixation: autoDraw = False
151.4385 	EXP 	grating: autoDraw = False
151.4385 	EXP 	grating: ori = 0.0
151.4385 	EXP 	fixation: autoDraw = True
152.4384 	INFO 	Keyboard events cleared
152.4381 	EXP 	fixation: autoDraw = False
152.4381 	EXP 	grating: autoDraw = True
152.7374 	EXP 	grating: autoDraw = False
153.1097 	EXP 	New trial (rep=82, index=0): None
153.1111 	DATA 	Keypress: up
153.1208 	EXP 	fixation: autoDraw = False
153.1208 	EXP 	grating: autoDraw = False
153.1208 	EXP 	grating: ori = 0.0
153.1208 	EXP 	fixation: autoDraw = True
154.1211 	INFO 	Keyboard events cleared
154.1207 	EXP 	fixation: autoDraw = False
154.1207 	EXP 	grating: autoDraw = True
154.4203 	EXP 	grating: autoDraw = False
154.7914 	EXP 	New trial (rep=83, index=0): None
154.7927 	DATA 	Keypress: up
154.8035 	EXP 	fixation: autoDraw = False
154.8035 	EXP 	grating: autoDraw = False
154.8035 	EXP 	grating: ori = -4.0
154.8035 	EXP 	fixation: autoDraw = True
155.8035 	INFO 	Keyboard events cleared
155.8031 	EXP 	fixation: autoDraw = False
155.8031 	EXP 	grating: autoDraw = True
156.1025 	EXP 	grating: autoDraw = False
156.7235 	EXP 	New trial (rep=84, index=0): None
156.7253 	DATA 	Keypress: down
156.7360 	EXP 	fixation: autoDraw = False
156.7360 	EXP 	grating: autoDraw = False
156.7360 	EXP 	grating: ori = 1.0
156.7360 	EXP 	fixation: autoDraw = True
157.7355 	INFO 	Keyboard events cleared
157.7351 	EXP 	grating: autoDraw = True
157.7517 	EXP 	fixation: autoDraw = False
158.0353 	EXP 	grating: autoDraw = False
158.5063 	EXP 	New trial (rep=85, index=0): None
158.5078 	DATA 	Keypress: down
158.5180 	EXP 	fixation: autoDraw = False
158.5180 	EXP 	grating: autoDraw = False
158.5180 	EXP 	grating: ori = 2.0
158.5180 	EXP 	fixation: autoDraw = True
159.5175 	INFO 	Keyboard events cleared
159.5172 	EXP 	fixation: autoDraw = False
159.5172 	EXP 	grating: autoDraw = True
159.8177 	EXP 	grating: autoDraw = False
160.2881 	EXP 	New trial (rep=86, index=0): None
160.2894 	DATA 	Keypress: down
160.3001 	EXP 	fixation: autoDraw = False
160.3001 	EXP 	grating: autoDraw = False
160.3001 	EXP 	grating: ori = 0.0
160.3001 	EXP 	fixation: autoDraw = True
161.3000 	INFO 	Keyboard events cleared
161.2997 	EXP 	fixation: autoDraw = False
161.2997 	EXP 	grating: autoDraw = True
161.5997 	EXP 	grating: autoDraw = False
162.4211 	EXP 	New trial (rep=87, index=0): None
162.4226 	DATA 	Keypress: up
162.4329 	EXP 	fixation: autoDraw = False
162.4329 	EXP 	grating: autoDraw = False
162.4329 	EXP 	grating: ori = 2.0
162.4329 	EXP 	fixation: autoDraw = True
163.4326 	INFO 	Keyboard events cleared
163.4322 	EXP 	fixation: autoDraw = False
163.4322 	EXP 	grating: autoDraw = True
163.7317 	EXP 	grating: autoDraw = False
164.2026 	EXP 	New trial (rep=88, index=0): None
164.2040 	DATA 	Keypress: down
164.2148 	EXP 	fixation: autoDraw = False
164.2148 	EXP 	grating: autoDraw = False
164.2148 	EXP 	grating: ori = 0.0
164.2148 	EXP 	fixation: autoDraw = True
165.2147 	INFO 	Keyboard events cleared
165.2143 	EXP 	fixation: autoDraw = False
165.2143 	EXP 	grating: autoDraw = True
165.5145 	EXP 	grating: autoDraw = False
166.2349 	EXP 	New trial (rep=89, index=0): None
166.2362 	DATA 	Keypress: up
166.2472 	EXP 	fixation: autoDraw = False
166.2472 	EXP 	grating: autoDraw = False
166.2472 	EXP 	grating: ori = -4.0
166.2472 	EXP 	fixation: autoDraw = True
167.2474 	INFO 	Keyboard events cleared
167.2470 	EXP 	fixation: autoDraw = False
167.2470 	EXP 	grating: autoDraw = True
167.5468 	EXP 	grating: autoDraw = False
167.9681 	EXP 	New trial (rep=90, index=0): None
167.9698 	DATA 	Keypress: down
167.9796 	EXP 	fixation: autoDraw = False
167.9796 	EXP 	grating: autoDraw = False
167.9796 	EXP 	grating: ori = -4.0
167.9796 	EXP 	fixation: autoDraw = True
168.9795 	INFO 	Keyboard events cleared
168.9791 	EXP 	fixation: autoDraw = False
168.9791 	EXP 	grating: autoDraw = True
169.2794 	EXP 	grating: autoDraw = False
169.7006 	EXP 	New trial (rep=91, index=0): None
169.7021 	DATA 	Keypress: down
169.7123 	EXP 	fixation: autoDraw = False
169.7123 	EXP 	grating: autoDraw = False
169.7123 	EXP 	grating: ori = 0.0
169.7123 	EXP 	fixation: autoDraw = True
170.7123 	INFO 	Keyboard events cleared
170.7119 	EXP 	fixation: autoDraw = False
170.7119 	EXP 	grating: autoDraw = True
171.0114 	EXP 	grating: autoDraw = False
171.7157 	EXP 	New trial (rep=92, index=0): None
171.7172 	DATA 	Keypress: up
171.7280 	EXP 	fixation: autoDraw = False
171.7280 	EXP 	grating: autoDraw = False
171.7280 	EXP 	grating: ori = 0.0
171.7280 	EXP 	fixation: autoDraw = True
172.7277 	INFO 	Keyboard events cleared
172.7274 	EXP 	fixation: autoDraw = False
172.7274 	EXP 	grating: autoDraw = True
173.0269 	EXP 	grating: autoDraw = False
173.7810 	EXP 	New trial (rep=93, index=0): None
173.7826 	DATA 	Keypress: up
173.7931 	EXP 	fixation: autoDraw = False
173.7931 	EXP 	grating: autoDraw = False
173.7931 	EXP 	grating: ori = 2.0
173.7931 	EXP 	fixation: autoDraw = True
174.7934 	INFO 	Keyboard events cleared
174.7931 	EXP 	fixation: autoDraw = False
174.7931 	EXP 	grating: autoDraw = True
175.0923 	EXP 	grating: autoDraw = False
175.4638 	EXP 	New trial (rep=94, index=0): None
175.4652 	DATA 	Keypress: down
175.4757 	EXP 	fixation: autoDraw = False
175.4757 	EXP 	grating: autoDraw = False
175.4757 	EXP 	grating: ori = -5.0
175.4757 	EXP 	fixation: autoDraw = True
176.4754 	INFO 	Keyboard events cleared
176.4751 	EXP 	fixation: autoDraw = False
176.4751 	EXP 	grating: autoDraw = True
176.7748 	EXP 	grating: autoDraw = False
177.1301 	EXP 	New trial (rep=95, index=0): None
177.1318 	DATA 	Keypress: down
177.1417 	EXP 	fixation: autoDraw = False
177.1417 	EXP 	grating: autoDraw = False
177.1417 	EXP 	grating: ori = -5.0
177.1417 	EXP 	fixation: autoDraw = True
178.1414 	INFO 	Keyboard events cleared
178.1409 	EXP 	fixation: autoDraw = False
178.1409 	EXP 	grating: autoDraw = True
178.4408 	EXP 	grating: autoDraw = False
178.7617 	DATA 	Keypress: down
178.7785 	EXP 	New trial (rep=96, index=0): None
178.7907 	EXP 	fixation: autoDraw = False
178.7907 	EXP 	grating: autoDraw = False
178.7907 	EXP 	grating: ori = 4.0
178.7907 	EXP 	fixation: autoDraw = True
179.7910 	INFO 	Keyboard events cleared
179.7906 	EXP 	fixation: autoDraw = False
179.7906 	EXP 	grating: autoDraw = True
180.0903 	EXP 	grating: autoDraw = False
180.3950 	EXP 	New trial (rep=97, index=0): None
180.3964 	DATA 	Keypress: down
180.4062 	EXP 	fixation: autoDraw = False
180.4062 	EXP 	grating: autoDraw = False
180.4062 	EXP 	grating: ori = -4.0
180.4062 	EXP 	fixation: autoDraw = True
181.4067 	INFO 	Keyboard events cleared
181.4063 	EXP 	fixation: autoDraw = False
181.4063 	EXP 	grating: autoDraw = True
181.7057 	EXP 	grating: autoDraw = False
182.0439 	EXP 	New trial (rep=98, index=0): None
182.0453 	DATA 	Keypress: down
182.0553 	EXP 	fixation: autoDraw = False
182.0553 	EXP 	grating: autoDraw = False
182.0553 	EXP 	grating: ori = -5.0
182.0553 	EXP 	fixation: autoDraw = True
183.0552 	INFO 	Keyboard events cleared
183.0549 	EXP 	fixation: autoDraw = False
183.0549 	EXP 	grating: autoDraw = True
183.3548 	EXP 	grating: autoDraw = False
183.6095 	EXP 	New trial (rep=99, index=0): None
183.6108 	DATA 	Keypress: down
183.6217 	EXP 	fixation: autoDraw = False
183.6217 	EXP 	grating: autoDraw = False
183.6217 	EXP 	grating: ori = 0.0
183.6217 	EXP 	fixation: autoDraw = True
184.6216 	INFO 	Keyboard events cleared
184.6213 	EXP 	fixation: autoDraw = False
184.6213 	EXP 	grating: autoDraw = True
184.9209 	EXP 	grating: autoDraw = False
185.6587 	DATA 	Keypress: up
185.6703 	EXP 	fixation: autoDraw = False
185.6703 	EXP 	grating: autoDraw = False
185.6727 	EXP 	orientationdiscrimination: status = STOPPED
185.6978 	INFO 	saved data to 'C:\\Users\\Bhavya\\OneDrive\\Desktop\\Lab In Psych\\psychopy final\\tutorial 4\\data/390912_orientationdiscrimination_2024-09-15_12h09.37.019.csv'
185.6995 	INFO 	saved data to C:\Users\Bhavya\OneDrive\Desktop\Lab In Psych\psychopy final\tutorial 4\data/390912_orientationdiscrimination_2024-09-15_12h09.37.019.psydat
185.7541 	EXP 	window1: mouseVisible = True
186.1628 	DEBUG 	Saving data for orientationdiscrimination ExperimentHandler
